<?xml version="1.0" encoding="UTF-8"?>
<coverage generated="1687173915464" clover="3.2.0">
  <project timestamp="1687173915464" name="All files">
    <metrics statements="20" coveredstatements="18" conditionals="6" coveredconditionals="5" methods="7" coveredmethods="4" elements="33" coveredelements="27" complexity="0" loc="20" ncloc="20" packages="1" files="1" classes="1"/>
    <file name="model.ts" path="/Users/zuhriddinkamilzanov/Desktop/effector-testing/src/form/model.ts">
      <metrics statements="20" coveredstatements="18" conditionals="6" coveredconditionals="5" methods="7" coveredmethods="4"/>
      <line num="7" count="1" type="stmt"/>
      <line num="8" count="1" type="stmt"/>
      <line num="9" count="1" type="stmt"/>
      <line num="19" count="1" type="stmt"/>
      <line num="20" count="0" type="stmt"/>
      <line num="24" count="1" type="stmt"/>
      <line num="25" count="1" type="stmt"/>
      <line num="28" count="1" type="stmt"/>
      <line num="29" count="3" type="cond" truecount="2" falsecount="0"/>
      <line num="32" count="3" type="stmt"/>
      <line num="34" count="1" type="stmt"/>
      <line num="36" count="3" type="stmt"/>
      <line num="39" count="1" type="stmt"/>
      <line num="46" count="3" type="cond" truecount="2" falsecount="0"/>
      <line num="47" count="2" type="stmt"/>
      <line num="50" count="1" type="cond" truecount="1" falsecount="1"/>
      <line num="51" count="0" type="stmt"/>
      <line num="54" count="1" type="stmt"/>
      <line num="58" count="1" type="stmt"/>
      <line num="61" count="1" type="stmt"/>
    </file>
  </project>
</coverage>
