{"/Users/zuhriddinkamilzanov/Desktop/effector-testing/src/form/model.ts": {"path":"/Users/zuhriddinkamilzanov/Desktop/effector-testing/src/form/model.ts","statementMap":{"0":{"start":{"line":7,"column":26},"end":{"line":7,"column":45}},"1":{"start":{"line":8,"column":25},"end":{"line":8,"column":43}},"2":{"start":{"line":9,"column":22},"end":{"line":9,"column":35}},"3":{"start":{"line":19,"column":26},"end":{"line":21,"column":2}},"4":{"start":{"line":20,"column":2},"end":{"line":20,"column":67}},"5":{"start":{"line":20,"column":30},"end":{"line":20,"column":65}},"6":{"start":{"line":20,"column":47},"end":{"line":20,"column":58}},"7":{"start":{"line":24,"column":21},"end":{"line":24,"column":44}},"8":{"start":{"line":25,"column":20},"end":{"line":25,"column":42}},"9":{"start":{"line":28,"column":38},"end":{"line":30,"column":1}},"10":{"start":{"line":29,"column":12},"end":{"line":29,"column":49}},"11":{"start":{"line":32,"column":24},"end":{"line":32,"column":52}},"12":{"start":{"line":32,"column":42},"end":{"line":32,"column":51}},"13":{"start":{"line":34,"column":24},"end":{"line":37,"column":1}},"14":{"start":{"line":36,"column":18},"end":{"line":36,"column":43}},"15":{"start":{"line":39,"column":23},"end":{"line":56,"column":1}},"16":{"start":{"line":46,"column":4},"end":{"line":48,"column":5}},"17":{"start":{"line":47,"column":6},"end":{"line":47,"column":49}},"18":{"start":{"line":50,"column":4},"end":{"line":52,"column":5}},"19":{"start":{"line":51,"column":6},"end":{"line":51,"column":33}},"20":{"start":{"line":54,"column":4},"end":{"line":54,"column":37}},"21":{"start":{"line":58,"column":14},"end":{"line":58,"column":49}},"22":{"start":{"line":61,"column":0},"end":{"line":66,"column":3}}},"fnMap":{"0":{"name":"(anonymous_0)","decl":{"start":{"line":19,"column":55},"end":{"line":19,"column":56}},"loc":{"start":{"line":19,"column":67},"end":{"line":21,"column":1}},"line":19},"1":{"name":"(anonymous_1)","decl":{"start":{"line":20,"column":21},"end":{"line":20,"column":22}},"loc":{"start":{"line":20,"column":30},"end":{"line":20,"column":65}},"line":20},"2":{"name":"(anonymous_2)","decl":{"start":{"line":20,"column":41},"end":{"line":20,"column":42}},"loc":{"start":{"line":20,"column":47},"end":{"line":20,"column":58}},"line":20},"3":{"name":"(anonymous_3)","decl":{"start":{"line":29,"column":2},"end":{"line":29,"column":3}},"loc":{"start":{"line":29,"column":12},"end":{"line":29,"column":49}},"line":29},"4":{"name":"(anonymous_4)","decl":{"start":{"line":32,"column":33},"end":{"line":32,"column":34}},"loc":{"start":{"line":32,"column":42},"end":{"line":32,"column":51}},"line":32},"5":{"name":"(anonymous_5)","decl":{"start":{"line":36,"column":2},"end":{"line":36,"column":3}},"loc":{"start":{"line":36,"column":18},"end":{"line":36,"column":43}},"line":36},"6":{"name":"(anonymous_6)","decl":{"start":{"line":45,"column":2},"end":{"line":45,"column":3}},"loc":{"start":{"line":45,"column":40},"end":{"line":55,"column":3}},"line":45}},"branchMap":{"0":{"loc":{"start":{"line":29,"column":12},"end":{"line":29,"column":49}},"type":"binary-expr","locations":[{"start":{"line":29,"column":12},"end":{"line":29,"column":28}},{"start":{"line":29,"column":32},"end":{"line":29,"column":49}}],"line":29},"1":{"loc":{"start":{"line":46,"column":4},"end":{"line":48,"column":5}},"type":"if","locations":[{"start":{"line":46,"column":4},"end":{"line":48,"column":5}},{"start":{},"end":{}}],"line":46},"2":{"loc":{"start":{"line":50,"column":4},"end":{"line":52,"column":5}},"type":"if","locations":[{"start":{"line":50,"column":4},"end":{"line":52,"column":5}},{"start":{},"end":{}}],"line":50}},"s":{"0":1,"1":1,"2":1,"3":1,"4":0,"5":0,"6":0,"7":1,"8":1,"9":1,"10":3,"11":1,"12":3,"13":1,"14":3,"15":1,"16":3,"17":2,"18":1,"19":0,"20":1,"21":1,"22":1},"f":{"0":0,"1":0,"2":0,"3":3,"4":3,"5":3,"6":3},"b":{"0":[3,1],"1":[2,1],"2":[0,1]},"_coverageSchema":"1a1c01bbd47fc00a2c39e90264f33305004495a9","hash":"adc70b41d012a99bfbb1d4755652fa05add625c3"}
}
