TN:
SF:src/form/model.ts
FN:19,(anonymous_0)
FN:20,(anonymous_1)
FN:20,(anonymous_2)
FN:29,(anonymous_3)
FN:32,(anonymous_4)
FN:36,(anonymous_5)
FN:45,(anonymous_6)
FNF:7
FNH:4
FNDA:0,(anonymous_0)
FNDA:0,(anonymous_1)
FNDA:0,(anonymous_2)
FNDA:3,(anonymous_3)
FNDA:3,(anonymous_4)
FNDA:3,(anonymous_5)
FNDA:3,(anonymous_6)
DA:7,1
DA:8,1
DA:9,1
DA:19,1
DA:20,0
DA:24,1
DA:25,1
DA:28,1
DA:29,3
DA:32,3
DA:34,1
DA:36,3
DA:39,1
DA:46,3
DA:47,2
DA:50,1
DA:51,0
DA:54,1
DA:58,1
DA:61,1
LF:20
LH:18
BRDA:29,0,0,3
BRDA:29,0,1,1
BRDA:46,1,0,2
BRDA:46,1,1,1
BRDA:50,2,0,0
BRDA:50,2,1,1
BRF:6
BRH:5
end_of_record
